This is pdfTeX, Version 3.141592653-2.6-1.40.24 (MiKTeX 21.12) (preloaded format=pdflatex 2022.1.24)  25 FEB 2022 13:21
entering extended mode
 restricted \write18 enabled.
 %&-line parsing enabled.
**"./BME ASSIGNMENT4.tex"
(BME ASSIGNMENT4.tex
LaTeX2e <2021-11-15> patch level 1
L3 programming layer <2021-11-22> (C:\Desktop\tex/latex/base\article.cls
Document Class: article 2021/10/04 v1.4n Standard LaTeX document class
(C:\Desktop\tex/latex/base\size10.clo
File: size10.clo 2021/10/04 v1.4n Standard LaTeX file (size option)
)
\c@part=\count183
\c@section=\count184
\c@subsection=\count185
\c@subsubsection=\count186
\c@paragraph=\count187
\c@subparagraph=\count188
\c@figure=\count189
\c@table=\count190
\abovecaptionskip=\skip47
\belowcaptionskip=\skip48
\bibindent=\dimen138
)
(C:\Desktop\tex/latex/graphics\graphicx.sty
Package: graphicx 2021/09/16 v1.2d Enhanced LaTeX Graphics (DPC,SPQR)

(C:\Desktop\tex/latex/graphics\keyval.sty
Package: keyval 2014/10/28 v1.15 key=value parser (DPC)
\KV@toks@=\toks16
)
(C:\Desktop\tex/latex/graphics\graphics.sty
Package: graphics 2021/03/04 v1.4d Standard LaTeX Graphics (DPC,SPQR)

(C:\Desktop\tex/latex/graphics\trig.sty
Package: trig 2021/08/11 v1.11 sin cos tan (DPC)
)
(C:\Desktop\tex/latex/graphics-cfg\graphics.cfg
File: graphics.cfg 2016/06/04 v1.11 sample graphics configuration
)
Package graphics Info: Driver file: pdftex.def on input line 107.

(C:\Desktop\tex/latex/graphics-def\pdftex.def
File: pdftex.def 2020/10/05 v1.2a Graphics/color driver for pdftex
))
\Gin@req@height=\dimen139
\Gin@req@width=\dimen140
)
(C:\Desktop\tex/latex/l3backend\l3backend-pdftex.def
File: l3backend-pdftex.def 2021-10-18 L3 backend support: PDF output (pdfTeX)
\l__color_backend_stack_int=\count191
\l__pdf_internal_box=\box50
)

LaTeX Warning: Unused global option(s):
    [12pts].

(BME ASSIGNMENT4.aux)
\openout1 = `"BME ASSIGNMENT4.aux"'.

LaTeX Font Info:    Checking defaults for OML/cmm/m/it on input line 9.
LaTeX Font Info:    ... okay on input line 9.
LaTeX Font Info:    Checking defaults for OMS/cmsy/m/n on input line 9.
LaTeX Font Info:    ... okay on input line 9.
LaTeX Font Info:    Checking defaults for OT1/cmr/m/n on input line 9.
LaTeX Font Info:    ... okay on input line 9.
LaTeX Font Info:    Checking defaults for T1/cmr/m/n on input line 9.
LaTeX Font Info:    ... okay on input line 9.
LaTeX Font Info:    Checking defaults for TS1/cmr/m/n on input line 9.
LaTeX Font Info:    ... okay on input line 9.
LaTeX Font Info:    Checking defaults for OMX/cmex/m/n on input line 9.
LaTeX Font Info:    ... okay on input line 9.
LaTeX Font Info:    Checking defaults for U/cmr/m/n on input line 9.
LaTeX Font Info:    ... okay on input line 9.
 (C:\Desktop\tex/context/base/mkii\supp-pdf.mkii
[Loading MPS to PDF converter (version 2006.09.02).]
\scratchcounter=\count192
\scratchdimen=\dimen141
\scratchbox=\box51
\nofMPsegments=\count193
\nofMParguments=\count194
\everyMPshowfont=\toks17
\MPscratchCnt=\count195
\MPscratchDim=\dimen142
\MPnumerator=\count196
\makeMPintoPDFobject=\count197
\everyMPtoPDFconversion=\toks18
) (C:\Desktop\tex/latex/epstopdf-pkg\epstopdf-base.sty
Package: epstopdf-base 2020-01-24 v2.11 Base part for package epstopdf
Package epstopdf-base Info: Redefining graphics rule for `.eps' on input line 4
85.

(C:\Desktop\tex/latex/00miktex\epstopdf-sys.cfg
File: epstopdf-sys.cfg 2021/03/18 v2.0 Configuration of epstopdf for MiKTeX
))
LaTeX Font Info:    External font `cmex10' loaded for size
(Font)              <12> on input line 10.
LaTeX Font Info:    External font `cmex10' loaded for size
(Font)              <8> on input line 10.
LaTeX Font Info:    External font `cmex10' loaded for size
(Font)              <6> on input line 10.
<Images//nit.jpg, id=1, 299.1175pt x 335.2525pt>
File: Images//nit.jpg Graphic file (type jpg)
<use Images//nit.jpg>
Package pdftex.def Info: Images//nit.jpg  used on input line 14.
(pdftex.def)             Requested size: 239.29431pt x 268.20236pt.
 [1

{C:/Users/akmr3/AppData/Local/MiKTeX/fonts/map/pdftex/pdftex.map} <./Images//ni
t.jpg>]
<Images//emerge.jpg, id=12, 698.61pt x 393.47pt>
File: Images//emerge.jpg Graphic file (type jpg)
<use Images//emerge.jpg>
Package pdftex.def Info: Images//emerge.jpg  used on input line 27.
(pdftex.def)             Requested size: 279.43904pt x 157.38521pt.
<Images//tech.jpg, id=13, 108.405pt x 72.27pt>
File: Images//tech.jpg Graphic file (type jpg)
<use Images//tech.jpg>
Package pdftex.def Info: Images//tech.jpg  used on input line 36.
(pdftex.def)             Requested size: 108.40472pt x 72.2698pt.
LaTeX Font Info:    External font `cmex10' loaded for size
(Font)              <7> on input line 49.
LaTeX Font Info:    External font `cmex10' loaded for size
(Font)              <5> on input line 49.
 [2

 <./Images//emerge.jpg> <./Images//tech.jpg>]
<Images//AI.jpg, id=19, 805.0075pt x 421.575pt>
File: Images//AI.jpg Graphic file (type jpg)
<use Images//AI.jpg>
Package pdftex.def Info: Images//AI.jpg  used on input line 66.
(pdftex.def)             Requested size: 160.99864pt x 84.31349pt.
 [3 <./Images//AI.jpg>]
<Images//vr.jpg, id=23, 781.41937pt x 650.43pt>
File: Images//vr.jpg Graphic file (type jpg)
<use Images//vr.jpg>
Package pdftex.def Info: Images//vr.jpg  used on input line 91.
(pdftex.def)             Requested size: 156.2811pt x 130.0837pt.
 [4 <./Images//vr.jpg>]
<Images//mobile.jpg, id=28, 903.375pt x 602.25pt>
File: Images//mobile.jpg Graphic file (type jpg)
<use Images//mobile.jpg>
Package pdftex.def Info: Images//mobile.jpg  used on input line 108.
(pdftex.def)             Requested size: 162.60048pt x 108.40031pt.
<Images//tel.jpg, id=29, 1204.5pt x 466.74374pt>
File: Images//tel.jpg Graphic file (type jpg)
<use Images//tel.jpg>
Package pdftex.def Info: Images//tel.jpg  used on input line 121.
(pdftex.def)             Requested size: 240.89574pt x 93.34709pt.

[5 <./Images//mobile.jpg> <./Images//tel.jpg>] [6] (BME ASSIGNMENT4.aux) ) 
Here is how much of TeX's memory you used:
 1348 strings out of 478659
 21486 string characters out of 2861934
 322434 words of memory out of 3000000
 19480 multiletter control sequences out of 15000+600000
 408674 words of font info for 44 fonts, out of 8000000 for 9000
 1141 hyphenation exceptions out of 8191
 55i,7n,62p,548b,224s stack positions out of 5000i,500n,10000p,200000b,80000s
 <C:\
Users\akmr3\AppData\Local\MiKTeX\fonts/pk/ljfour/jknappen/ec/dpi600\tcrm1000.pk
><C:/Desktop/fonts/type1/public/amsfonts/cm/cmbx10.pfb><C:/Desktop/fonts/type1/
public/amsfonts/cm/cmbx12.pfb><C:/Desktop/fonts/type1/public/amsfonts/cm/cmmi10
.pfb><C:/Desktop/fonts/type1/public/amsfonts/cm/cmr10.pfb><C:/Desktop/fonts/typ
e1/public/amsfonts/cm/cmr12.pfb><C:/Desktop/fonts/type1/public/amsfonts/cm/cmti
12.pfb>
Output written on "BME ASSIGNMENT4.pdf" (6 pages, 2285923 bytes).
PDF statistics:
 67 PDF objects out of 1000 (max. 8388607)
 0 named destinations out of 1000 (max. 500000)
 36 words of extra memory for PDF output out of 10000 (max. 10000000)

